2026-01-01 19:41:20,671:WARNING:nextcord.client: PyNaCl is not installed, voice will NOT be supported
2026-01-01 19:41:20,672:INFO:nextcord.client: logging in using static token
2026-01-01 19:41:20,674:INFO:nextcord.http: Allowed 1 rate limits to be garbage collected.
2026-01-01 19:41:21,196:INFO:nextcord.gateway: Shard ID None has sent the IDENTIFY payload.
2026-01-01 19:41:21,442:INFO:nextcord.gateway: Shard ID None has connected to Gateway: ["gateway-prd-arm-us-east1-c-w94f",{"micros":190475,"calls":["id_created",{"micros":1144,"calls":[]},"session_lookup_time",{"micros":208,"calls":[]},"session_lookup_finished",{"micros":11,"calls":[]},"discord-sessions-prd-2-149",{"micros":185776,"calls":["start_session",{"micros":162214,"calls":["discord-api-rpc-685f5fd59d-zbh5s",{"micros":79807,"calls":["get_user",{"micros":21639},"get_guilds",{"micros":5071},"send_scheduled_deletion_message",{"micros":11},"guild_join_requests",{"micros":3},"authorized_ip_coro",{"micros":16},"pending_payments",{"micros":519},"apex_experiments",{"micros":58017},"user_activities",{"micros":14},"played_application_ids",{"micros":5},"linked_users",{"micros":4}]}]},"starting_guild_connect",{"micros":32,"calls":[]},"presence_started",{"micros":12912,"calls":[]},"guilds_started",{"micros":56,"calls":[]},"lobbies_started",{"micros":1,"calls":[]},"guilds_connect",{"micros":1,"calls":[]},"presence_connect",{"micros":10538,"calls":[]},"connect_finished",{"micros":10546,"calls":[]},"build_ready",{"micros":12,"calls":[]},"clean_ready",{"micros":1,"calls":[]},"optimize_ready",{"micros":0,"calls":[]},"split_ready",{"micros":0,"calls":[]}]}]}] (Session ID: da73f6b58013dc75aeafa169bab2a19f). Resume URL specified as wss://gateway-us-east1-c.discord.gg
2026-01-01 19:41:21,641:INFO:nextcord.state: nextcord.ConnectionState: Registering command with signature ('closetest', 1, None)
2026-01-01 19:41:21,917:INFO:nextcord.state: nextcord.ConnectionState: Registering command with signature ('add', 1, None)
2026-01-01 19:41:22,431:INFO:nextcord.state: nextcord.ConnectionState: Registering command with signature ('updateusername', 1, None)
2026-01-01 19:41:22,921:INFO:nextcord.state: nextcord.ConnectionState: Registering command with signature ('info', 1, None)
2026-01-01 19:41:23,307:INFO:nextcord.state: nextcord.ConnectionState: Registering command with signature ('results', 1, None)
2026-01-01 19:41:23,474:ERROR:root: Failed bot startup sequence: 
Traceback (most recent call last):
  File "C:\Users\jumas\Downloads\tier-test-bot-main\tier-test-bot-main\main.py", line 63, in on_ready
    await setupBot()
  File "C:\Users\jumas\Downloads\tier-test-bot-main\tier-test-bot-main\main.py", line 52, in setupBot
    await bot.get_channel(channels["enterWaitlist"]).purge(limit=10, check=is_me)
          ^^^^^^^^^^^^^^^^^^^^^^^^^^^^^^^^^^^^^^^^^^^^^^^^
AttributeError: 'NoneType' object has no attribute 'purge'
2026-01-01 19:41:23,475:INFO:nextcord.gateway: Websocket closed with 1000, cannot reconnect.
2026-01-01 19:41:23,598:ERROR:nextcord.state: Error registering command SlashApplicationCommand results <function results at 0x000002A809014AE0>: [Errno 1] [SSL: APPLICATION_DATA_AFTER_CLOSE_NOTIFY] application data after close notify (_ssl.c:2785)
2026-01-01 19:41:23,627:INFO:nextcord.client: Cleaning up after 2 tasks.
2026-01-01 19:41:23,628:INFO:nextcord.client: All tasks finished cancelling.
2026-01-01 19:41:23,628:INFO:nextcord.client: Closing the event loop.
2026-01-01 19:41:23,639:ERROR:asyncio: Task exception was never retrieved
future: <Task finished name='nextcord: on_ready' coro=<Client._run_event() done, defined at C:\Users\jumas\AppData\Local\Packages\PythonSoftwareFoundation.Python.3.13_qbz5n2kfra8p0\LocalCache\local-packages\Python313\site-packages\nextcord\client.py:519> exception=SystemExit('Failed startup sequence')>
Traceback (most recent call last):
  File "C:\Users\jumas\Downloads\tier-test-bot-main\tier-test-bot-main\main.py", line 63, in on_ready
    await setupBot()
  File "C:\Users\jumas\Downloads\tier-test-bot-main\tier-test-bot-main\main.py", line 52, in setupBot
    await bot.get_channel(channels["enterWaitlist"]).purge(limit=10, check=is_me)
          ^^^^^^^^^^^^^^^^^^^^^^^^^^^^^^^^^^^^^^^^^^^^^^^^
AttributeError: 'NoneType' object has no attribute 'purge'

During handling of the above exception, another exception occurred:

Traceback (most recent call last):
  File "C:\Users\jumas\Downloads\tier-test-bot-main\tier-test-bot-main\main.py", line 442, in <module>
    bot.run(os.getenv("TOKEN"))
  File "C:\Users\jumas\AppData\Local\Packages\PythonSoftwareFoundation.Python.3.13_qbz5n2kfra8p0\LocalCache\local-packages\Python313\site-packages\nextcord\client.py", line 894, in run
    loop.run_until_complete(self.start(token, reconnect=reconnect))
  File "C:\Program Files\WindowsApps\PythonSoftwareFoundation.Python.3.13_3.13.2544.0_x64__qbz5n2kfra8p0\Lib\asyncio\base_events.py", line 712, in run_until_complete
    self.run_forever()
  File "C:\Program Files\WindowsApps\PythonSoftwareFoundation.Python.3.13_3.13.2544.0_x64__qbz5n2kfra8p0\Lib\asyncio\base_events.py", line 683, in run_forever
    self._run_once()
  File "C:\Program Files\WindowsApps\PythonSoftwareFoundation.Python.3.13_3.13.2544.0_x64__qbz5n2kfra8p0\Lib\asyncio\base_events.py", line 2050, in _run_once
    handle._run()
  File "C:\Program Files\WindowsApps\PythonSoftwareFoundation.Python.3.13_3.13.2544.0_x64__qbz5n2kfra8p0\Lib\asyncio\events.py", line 89, in _run
    self._context.run(self._callback, *self._args)
  File "C:\Users\jumas\AppData\Local\Packages\PythonSoftwareFoundation.Python.3.13_qbz5n2kfra8p0\LocalCache\local-packages\Python313\site-packages\nextcord\client.py", line 527, in _run_event
    await coro(*args, **kwargs)
  File "C:\Users\jumas\Downloads\tier-test-bot-main\tier-test-bot-main\main.py", line 67, in on_ready
    sys.exit("Failed startup sequence")
SystemExit: Failed startup sequence
